#
# A fatal error has been detected by the Java Runtime Environment:
#
#  Internal Error (classFileParser.cpp:3494), pid=10823, tid=139902151403264
#  Error: ShouldNotReachHere()
#
# JRE version: 6.0_45-b06
# Java VM: Java HotSpot(TM) 64-Bit Server VM (20.45-b01 mixed mode linux-amd64 compressed oops)
# If you would like to submit a bug report, please visit:
#   http://java.sun.com/webapps/bugreport/crash.jsp
#

---------------  T H R E A D  ---------------

Current thread (0x00007f3d7c007800):  JavaThread "Unknown thread" [_thread_in_vm, id=10828, stack(0x00007f3d81f9a000,0x00007f3d8209b000)]

Stack: [0x00007f3d81f9a000,0x00007f3d8209b000],  sp=0x00007f3d82099150,  free space=1020k
Native frames: (J=compiled Java code, j=interpreted, Vv=VM code, C=native code)
V  [libjvm.so+0x861e05]  VMError::report_and_die()+0x265
V  [libjvm.so+0x3e5ed6]  report_should_not_reach_here(char const*, int)+0x46
V  [libjvm.so+0x36f26b]  ClassFileParser::parseClassFile(symbolHandle, Handle, Handle, KlassHandle, GrowableArray<Handle>*, symbolHandle&, bool, Thread*)+0x2b8b
V  [libjvm.so+0x3756ff]  ClassLoader::load_classfile(symbolHandle, Thread*)+0x22f
V  [libjvm.so+0x7eebff]  SystemDictionary::load_instance_class(symbolHandle, Handle, Thread*)+0xef
V  [libjvm.so+0x7ecbe5]  SystemDictionary::resolve_instance_class_or_null(symbolHandle, Handle, Handle, Thread*)+0x575
V  [libjvm.so+0x7eb971]  SystemDictionary::resolve_or_null(symbolHandle, Handle, Handle, Thread*)+0x81
V  [libjvm.so+0x7eb584]  SystemDictionary::resolve_or_fail(symbolHandle, Handle, Handle, bool, Thread*)+0x34
V  [libjvm.so+0x7f0400]  SystemDictionary::initialize_wk_klass(SystemDictionary::WKID, int, Thread*)+0x70
V  [libjvm.so+0x7f0495]  SystemDictionary::initialize_wk_klasses_until(SystemDictionary::WKID, SystemDictionary::WKID&, Thread*)+0x45
V  [libjvm.so+0x7f0575]  SystemDictionary::initialize_preloaded_classes(Thread*)+0x75
V  [libjvm.so+0x7f0328]  SystemDictionary::initialize(Thread*)+0xd8
V  [libjvm.so+0x837cf8]  Universe::genesis(Thread*)+0x598
V  [libjvm.so+0x839c29]  universe2_init()+0x29
V  [libjvm.so+0x4ae42c]  init_globals()+0x8c
V  [libjvm.so+0x820014]  Threads::create_vm(JavaVMInitArgs*, bool*)+0x214
V  [libjvm.so+0x51c800]  JNI_CreateJavaVM+0x80


---------------  P R O C E S S  ---------------

Java Threads: ( => current thread )

Other Threads:

=>0x00007f3d7c007800 (exited) JavaThread "Unknown thread" [_thread_in_vm, id=10828, stack(0x00007f3d81f9a000,0x00007f3d8209b000)]

VM state:not at safepoint (not fully initialized)

VM Mutex/Monitor currently owned by a thread: None

Dynamic libraries:
40000000-40009000 r-xp 00000000 08:03 4992830                            /usr/lib/jvm/java-6-oracle/bin/java
40108000-4010a000 rwxp 00008000 08:03 4992830                            /usr/lib/jvm/java-6-oracle/bin/java
41c3f000-41c60000 rwxp 00000000 00:00 0                                  [heap]
be400000-bf8c0000 rwxp 00000000 00:00 0 
bf8c0000-c3600000 rwxp 00000000 00:00 0 
c3600000-c5e70000 rwxp 00000000 00:00 0 
c5e70000-ebcb0000 rwxp 00000000 00:00 0 
ebcb0000-ed0e0000 rwxp 00000000 00:00 0 
ed0e0000-100000000 rwxp 00000000 00:00 0 
7f3d6c000000-7f3d6c021000 rwxp 00000000 00:00 0 
7f3d6c021000-7f3d70000000 ---p 00000000 00:00 0 
7f3d74000000-7f3d74021000 rwxp 00000000 00:00 0 
7f3d74021000-7f3d78000000 ---p 00000000 00:00 0 
7f3d79000000-7f3d79270000 rwxp 00000000 00:00 0 
7f3d79270000-7f3d7c089000 rwxp 00000000 00:00 0 
7f3d7c089000-7f3d80000000 ---p 00000000 00:00 0 
7f3d80b87000-7f3d80c5e000 r-xs 013fe000 08:03 398419                     /home/jyang4/adt-bundle/sdk/platforms/android-19/android.jar
7f3d80c5e000-7f3d80c86000 rwxp 00000000 00:00 0 
7f3d80c86000-7f3d80c87000 ---p 00000000 00:00 0 
7f3d80c87000-7f3d80d87000 rwxp 00000000 00:00 0                          [stack:10830]
7f3d80d87000-7f3d80d88000 ---p 00000000 00:00 0 
7f3d80d88000-7f3d80e93000 rwxp 00000000 00:00 0                          [stack:10829]
7f3d80e93000-7f3d80eb1000 rwxp 00000000 00:00 0 
7f3d80eb1000-7f3d80ec6000 rwxp 00000000 00:00 0 
7f3d80ec6000-7f3d80ff5000 rwxp 00000000 00:00 0 
7f3d80ff5000-7f3d81000000 rwxp 00000000 00:00 0 
7f3d81000000-7f3d8101e000 rwxp 00000000 00:00 0 
7f3d8101e000-7f3d81033000 rwxp 00000000 00:00 0 
7f3d81033000-7f3d81161000 rwxp 00000000 00:00 0 
7f3d81161000-7f3d8116c000 rwxp 00000000 00:00 0 
7f3d8116c000-7f3d81203000 rwxp 00000000 00:00 0 
7f3d81203000-7f3d81204000 rwxp 00000000 00:00 0 
7f3d81204000-7f3d81212000 r-xp 00000000 08:03 7080114                    /usr/lib/jvm/java-6-oracle/jre/lib/amd64/libzip.so
7f3d81212000-7f3d81314000 ---p 0000e000 08:03 7080114                    /usr/lib/jvm/java-6-oracle/jre/lib/amd64/libzip.so
7f3d81314000-7f3d81317000 rwxp 00010000 08:03 7080114                    /usr/lib/jvm/java-6-oracle/jre/lib/amd64/libzip.so
7f3d81317000-7f3d81318000 rwxp 00000000 00:00 0 
7f3d81318000-7f3d81324000 r-xp 00000000 08:03 4587739                    /lib/x86_64-linux-gnu/libnss_files-2.15.so
7f3d81324000-7f3d81523000 ---p 0000c000 08:03 4587739                    /lib/x86_64-linux-gnu/libnss_files-2.15.so
7f3d81523000-7f3d81524000 r-xp 0000b000 08:03 4587739                    /lib/x86_64-linux-gnu/libnss_files-2.15.so
7f3d81524000-7f3d81525000 rwxp 0000c000 08:03 4587739                    /lib/x86_64-linux-gnu/libnss_files-2.15.so
7f3d81525000-7f3d8152f000 r-xp 00000000 08:03 4587743                    /lib/x86_64-linux-gnu/libnss_nis-2.15.so
7f3d8152f000-7f3d8172f000 ---p 0000a000 08:03 4587743                    /lib/x86_64-linux-gnu/libnss_nis-2.15.so
7f3d8172f000-7f3d81730000 r-xp 0000a000 08:03 4587743                    /lib/x86_64-linux-gnu/libnss_nis-2.15.so
7f3d81730000-7f3d81731000 rwxp 0000b000 08:03 4587743                    /lib/x86_64-linux-gnu/libnss_nis-2.15.so
7f3d81731000-7f3d81739000 r-xp 00000000 08:03 4587737                    /lib/x86_64-linux-gnu/libnss_compat-2.15.so
7f3d81739000-7f3d81938000 ---p 00008000 08:03 4587737                    /lib/x86_64-linux-gnu/libnss_compat-2.15.so
7f3d81938000-7f3d81939000 r-xp 00007000 08:03 4587737                    /lib/x86_64-linux-gnu/libnss_compat-2.15.so
7f3d81939000-7f3d8193a000 rwxp 00008000 08:03 4587737                    /lib/x86_64-linux-gnu/libnss_compat-2.15.so
7f3d8193a000-7f3d81951000 r-xp 00000000 08:03 4587755                    /lib/x86_64-linux-gnu/libnsl-2.15.so
7f3d81951000-7f3d81b50000 ---p 00017000 08:03 4587755                    /lib/x86_64-linux-gnu/libnsl-2.15.so
7f3d81b50000-7f3d81b51000 r-xp 00016000 08:03 4587755                    /lib/x86_64-linux-gnu/libnsl-2.15.so
7f3d81b51000-7f3d81b52000 rwxp 00017000 08:03 4587755                    /lib/x86_64-linux-gnu/libnsl-2.15.so
7f3d81b52000-7f3d81b54000 rwxp 00000000 00:00 0 
7f3d81b54000-7f3d81b7d000 r-xp 00000000 08:03 7080120                    /usr/lib/jvm/java-6-oracle/jre/lib/amd64/libjava.so
7f3d81b7d000-7f3d81c7c000 ---p 00029000 08:03 7080120                    /usr/lib/jvm/java-6-oracle/jre/lib/amd64/libjava.so
7f3d81c7c000-7f3d81c83000 rwxp 00028000 08:03 7080120                    /usr/lib/jvm/java-6-oracle/jre/lib/amd64/libjava.so
7f3d81c83000-7f3d81c90000 r-xp 00000000 08:03 7080110                    /usr/lib/jvm/java-6-oracle/jre/lib/amd64/libverify.so
7f3d81c90000-7f3d81d8f000 ---p 0000d000 08:03 7080110                    /usr/lib/jvm/java-6-oracle/jre/lib/amd64/libverify.so
7f3d81d8f000-7f3d81d92000 rwxp 0000c000 08:03 7080110                    /usr/lib/jvm/java-6-oracle/jre/lib/amd64/libverify.so
7f3d81d92000-7f3d81d99000 r-xp 00000000 08:03 4587742                    /lib/x86_64-linux-gnu/librt-2.15.so
7f3d81d99000-7f3d81f98000 ---p 00007000 08:03 4587742                    /lib/x86_64-linux-gnu/librt-2.15.so
7f3d81f98000-7f3d81f99000 r-xp 00006000 08:03 4587742                    /lib/x86_64-linux-gnu/librt-2.15.so
7f3d81f99000-7f3d81f9a000 rwxp 00007000 08:03 4587742                    /lib/x86_64-linux-gnu/librt-2.15.so
7f3d81f9a000-7f3d81f9d000 ---p 00000000 00:00 0 
7f3d81f9d000-7f3d8209b000 rwxp 00000000 00:00 0                          [stack:10828]
7f3d8209b000-7f3d82196000 r-xp 00000000 08:03 4587746                    /lib/x86_64-linux-gnu/libm-2.15.so
7f3d82196000-7f3d82395000 ---p 000fb000 08:03 4587746                    /lib/x86_64-linux-gnu/libm-2.15.so
7f3d82395000-7f3d82396000 r-xp 000fa000 08:03 4587746                    /lib/x86_64-linux-gnu/libm-2.15.so
7f3d82396000-7f3d82397000 rwxp 000fb000 08:03 4587746                    /lib/x86_64-linux-gnu/libm-2.15.so
7f3d82397000-7f3d82cb5000 r-xp 00000000 08:03 7080087                    /usr/lib/jvm/java-6-oracle/jre/lib/amd64/server/libjvm.so
7f3d82cb5000-7f3d82db7000 ---p 0091e000 08:03 7080087                    /usr/lib/jvm/java-6-oracle/jre/lib/amd64/server/libjvm.so
7f3d82db7000-7f3d82f6d000 rwxp 00920000 08:03 7080087                    /usr/lib/jvm/java-6-oracle/jre/lib/amd64/server/libjvm.so
7f3d82f6d000-7f3d82fa7000 rwxp 00000000 00:00 0 
7f3d82fa7000-7f3d8315c000 r-xp 00000000 08:03 4587735                    /lib/x86_64-linux-gnu/libc-2.15.so
7f3d8315c000-7f3d8335c000 ---p 001b5000 08:03 4587735                    /lib/x86_64-linux-gnu/libc-2.15.so
7f3d8335c000-7f3d83360000 r-xp 001b5000 08:03 4587735                    /lib/x86_64-linux-gnu/libc-2.15.so
7f3d83360000-7f3d83362000 rwxp 001b9000 08:03 4587735                    /lib/x86_64-linux-gnu/libc-2.15.so
7f3d83362000-7f3d83367000 rwxp 00000000 00:00 0 
7f3d83367000-7f3d83369000 r-xp 00000000 08:03 4587750                    /lib/x86_64-linux-gnu/libdl-2.15.so
7f3d83369000-7f3d83569000 ---p 00002000 08:03 4587750                    /lib/x86_64-linux-gnu/libdl-2.15.so
7f3d83569000-7f3d8356a000 r-xp 00002000 08:03 4587750                    /lib/x86_64-linux-gnu/libdl-2.15.so
7f3d8356a000-7f3d8356b000 rwxp 00003000 08:03 4587750                    /lib/x86_64-linux-gnu/libdl-2.15.so
7f3d8356b000-7f3d83583000 r-xp 00000000 08:03 4587744                    /lib/x86_64-linux-gnu/libpthread-2.15.so
7f3d83583000-7f3d83782000 ---p 00018000 08:03 4587744                    /lib/x86_64-linux-gnu/libpthread-2.15.so
7f3d83782000-7f3d83783000 r-xp 00017000 08:03 4587744                    /lib/x86_64-linux-gnu/libpthread-2.15.so
7f3d83783000-7f3d83784000 rwxp 00018000 08:03 4587744                    /lib/x86_64-linux-gnu/libpthread-2.15.so
7f3d83784000-7f3d83788000 rwxp 00000000 00:00 0 
7f3d83788000-7f3d837aa000 r-xp 00000000 08:03 4587747                    /lib/x86_64-linux-gnu/ld-2.15.so
7f3d837c5000-7f3d837cf000 rwxp 00000000 00:00 0 
7f3d837cf000-7f3d83885000 rwxp 00000000 00:00 0 
7f3d83885000-7f3d83888000 rwxp 00000000 00:00 0 
7f3d83888000-7f3d8388f000 r-xp 00000000 08:03 7080094                    /usr/lib/jvm/java-6-oracle/jre/lib/amd64/jli/libjli.so
7f3d8388f000-7f3d83990000 ---p 00007000 08:03 7080094                    /usr/lib/jvm/java-6-oracle/jre/lib/amd64/jli/libjli.so
7f3d83990000-7f3d83992000 rwxp 00008000 08:03 7080094                    /usr/lib/jvm/java-6-oracle/jre/lib/amd64/jli/libjli.so
7f3d83992000-7f3d83993000 rwxp 00000000 00:00 0 
7f3d8399e000-7f3d839a6000 rwxs 00000000 08:03 2122164                    /tmp/hsperfdata_jyang4/10823
7f3d839a6000-7f3d839a7000 rwxp 00000000 00:00 0 
7f3d839a7000-7f3d839a8000 r-xp 00000000 00:00 0 
7f3d839a8000-7f3d839aa000 rwxp 00000000 00:00 0 
7f3d839aa000-7f3d839ab000 r-xp 00022000 08:03 4587747                    /lib/x86_64-linux-gnu/ld-2.15.so
7f3d839ab000-7f3d839ad000 rwxp 00023000 08:03 4587747                    /lib/x86_64-linux-gnu/ld-2.15.so
7fff9a93f000-7fff9a960000 rwxp 00000000 00:00 0                          [stack]
7fff9a9ff000-7fff9aa00000 r-xp 00000000 00:00 0                          [vdso]
ffffffffff600000-ffffffffff601000 r-xp 00000000 00:00 0                  [vsyscall]

VM Arguments:
jvm_args: -Dfile.encoding=UTF-8 -Xbootclasspath:/home/jyang4/adt-bundle/sdk/platforms/android-19/android.jar 
java_command: com.example.emulator.EmulatorService
Launcher Type: SUN_STANDARD

Environment Variables:
PATH=/home/jyang4/bin:/usr/lib/lightdm/lightdm:/usr/local/sbin:/usr/local/bin:/usr/sbin:/usr/bin:/sbin:/bin:/usr/games
LD_LIBRARY_PATH=/usr/lib/jvm/java-6-oracle/jre/lib/amd64/server:/usr/lib/jvm/java-6-oracle/jre/lib/amd64:/usr/lib/jvm/java-6-oracle/jre/../lib/amd64
SHELL=/bin/bash
DISPLAY=:0

Signal Handlers:
SIGSEGV: [libjvm.so+0x862a30], sa_mask[0]=0x7ffbfeff, sa_flags=0x10000004
SIGBUS: [libjvm.so+0x862a30], sa_mask[0]=0x7ffbfeff, sa_flags=0x10000004
SIGFPE: [libjvm.so+0x7106f0], sa_mask[0]=0x7ffbfeff, sa_flags=0x10000004
SIGPIPE: [libjvm.so+0x7106f0], sa_mask[0]=0x7ffbfeff, sa_flags=0x10000004
SIGXFSZ: [libjvm.so+0x7106f0], sa_mask[0]=0x7ffbfeff, sa_flags=0x10000004
SIGILL: [libjvm.so+0x7106f0], sa_mask[0]=0x7ffbfeff, sa_flags=0x10000004
SIGUSR1: SIG_DFL, sa_mask[0]=0x00000000, sa_flags=0x00000000
SIGUSR2: [libjvm.so+0x713520], sa_mask[0]=0x00000004, sa_flags=0x10000004
SIGHUP: SIG_DFL, sa_mask[0]=0x00000000, sa_flags=0x00000000
SIGINT: SIG_DFL, sa_mask[0]=0x00000000, sa_flags=0x00000000
SIGTERM: SIG_DFL, sa_mask[0]=0x00000000, sa_flags=0x00000000
SIGQUIT: SIG_DFL, sa_mask[0]=0x00000000, sa_flags=0x00000000


---------------  S Y S T E M  ---------------

OS:wheezy/sid

uname:Linux 3.5.0-46-generic #70~precise1-Ubuntu SMP Thu Jan 9 23:55:12 UTC 2014 x86_64
libc:glibc 2.15 NPTL 2.15 
rlimit: STACK 8192k, CORE 0k, NPROC 30885, NOFILE 4096, AS infinity
load average:0.93 0.54 0.41

/proc/meminfo:
MemTotal:        3971976 kB
MemFree:          178716 kB
Buffers:          243532 kB
Cached:          1384840 kB
SwapCached:           48 kB
Active:          2099404 kB
Inactive:        1259552 kB
Active(anon):    1281628 kB
Inactive(anon):   458896 kB
Active(file):     817776 kB
Inactive(file):   800656 kB
Unevictable:           0 kB
Mlocked:               0 kB
SwapTotal:       7999484 kB
SwapFree:        7997316 kB
Dirty:               708 kB
Writeback:             0 kB
AnonPages:       1730600 kB
Mapped:           272816 kB
Shmem:              9776 kB
Slab:             203668 kB
SReclaimable:     170148 kB
SUnreclaim:        33520 kB
KernelStack:        3736 kB
PageTables:        31720 kB
NFS_Unstable:          0 kB
Bounce:                0 kB
WritebackTmp:          0 kB
CommitLimit:     9985472 kB
Committed_AS:    4473176 kB
VmallocTotal:   34359738367 kB
VmallocUsed:      132252 kB
VmallocChunk:   34359601083 kB
HardwareCorrupted:     0 kB
AnonHugePages:         0 kB
HugePages_Total:       0
HugePages_Free:        0
HugePages_Rsvd:        0
HugePages_Surp:        0
Hugepagesize:       2048 kB
DirectMap4k:      280876 kB
DirectMap2M:     3835904 kB


CPU:total 2 (2 cores per cpu, 1 threads per core) family 6 model 23 stepping 10, cmov, cx8, fxsr, mmx, sse, sse2, sse3, ssse3, sse4.1

/proc/cpuinfo:
processor	: 0
vendor_id	: GenuineIntel
cpu family	: 6
model		: 23
model name	: Intel(R) Core(TM)2 Duo CPU     P9700  @ 2.80GHz
stepping	: 10
microcode	: 0xa07
cpu MHz		: 2801.000
cache size	: 6144 KB
physical id	: 0
siblings	: 2
core id		: 0
cpu cores	: 2
apicid		: 0
initial apicid	: 0
fpu		: yes
fpu_exception	: yes
cpuid level	: 13
wp		: yes
flags		: fpu vme de pse tsc msr pae mce cx8 apic sep mtrr pge mca cmov pat pse36 clflush dts acpi mmx fxsr sse sse2 ss ht tm pbe syscall nx lm constant_tsc arch_perfmon pebs bts rep_good nopl aperfmperf pni dtes64 monitor ds_cpl vmx smx est tm2 ssse3 cx16 xtpr pdcm sse4_1 xsave lahf_lm ida dtherm tpr_shadow vnmi flexpriority
bogomips	: 5585.98
clflush size	: 64
cache_alignment	: 64
address sizes	: 36 bits physical, 48 bits virtual
power management:

processor	: 1
vendor_id	: GenuineIntel
cpu family	: 6
model		: 23
model name	: Intel(R) Core(TM)2 Duo CPU     P9700  @ 2.80GHz
stepping	: 10
microcode	: 0xa07
cpu MHz		: 800.000
cache size	: 6144 KB
physical id	: 0
siblings	: 2
core id		: 1
cpu cores	: 2
apicid		: 1
initial apicid	: 1
fpu		: yes
fpu_exception	: yes
cpuid level	: 13
wp		: yes
flags		: fpu vme de pse tsc msr pae mce cx8 apic sep mtrr pge mca cmov pat pse36 clflush dts acpi mmx fxsr sse sse2 ss ht tm pbe syscall nx lm constant_tsc arch_perfmon pebs bts rep_good nopl aperfmperf pni dtes64 monitor ds_cpl vmx smx est tm2 ssse3 cx16 xtpr pdcm sse4_1 xsave lahf_lm ida dtherm tpr_shadow vnmi flexpriority
bogomips	: 5585.98
clflush size	: 64
cache_alignment	: 64
address sizes	: 36 bits physical, 48 bits virtual
power management:



Memory: 4k page, physical 3971976k(178716k free), swap 7999484k(7997316k free)

vm_info: Java HotSpot(TM) 64-Bit Server VM (20.45-b01) for linux-amd64 JRE (1.6.0_45-b06), built on Mar 26 2013 14:07:02 by "java_re" with gcc 3.2.2 (SuSE Linux)

time: Wed Feb 26 11:23:45 2014
elapsed time: 0 seconds

